<?xml version="1.0" encoding="UTF-8"?>
<!-- Generated by org.testng.reporters.JUnitReportReporter -->
<testsuite hostname="IN-D80D5S3" failures="0" tests="4" name="Test.ProductFilter" time="6.894" errors="0" timestamp="2024-06-14T11:06:07 IST" skipped="0">
  <testcase classname="Test.ProductFilter" name="testApplySamsungFilter" time="0.004"/>
  <testcase classname="Test.ProductFilter" name="testApplySamsungFilter" time="6.880"/>
  <testcase classname="Test.ProductFilter" name="testApplySamsungFilter" time="0.008"/>
  <testcase classname="Test.ProductFilter" name="testApplySamsungFilter" time="0.002"/>
</testsuite> <!-- Test.ProductFilter -->
