<?xml version="1.0" encoding="UTF-8"?>
<!-- Generated by org.testng.reporters.JUnitReportReporter -->
<testsuite hostname="IN-D80D5S3" failures="0" tests="4" name="Test.AddToCartTest" time="9.726" errors="0" timestamp="2024-06-14T11:06:07 IST" skipped="0">
  <testcase classname="Test.AddToCartTest" name="testAddProductToCart" time="9.682"/>
  <testcase classname="Test.AddToCartTest" name="testAddProductToCart" time="0.000"/>
  <testcase classname="Test.AddToCartTest" name="testAddProductToCart" time="0.044"/>
  <testcase classname="Test.AddToCartTest" name="testAddProductToCart" time="0.000"/>
</testsuite> <!-- Test.AddToCartTest -->
