<?xml version="1.0" encoding="UTF-8"?>
<!-- Generated by org.testng.reporters.JUnitReportReporter -->
<testsuite hostname="IN-D80D5S3" failures="0" tests="1" name="Test.FlipkartPlusTest" time="3.849" errors="0" timestamp="2024-06-14T11:06:07 IST" skipped="0">
  <testcase classname="Test.FlipkartPlusTest" name="testFlipkartPlusPage" time="3.849"/>
</testsuite> <!-- Test.FlipkartPlusTest -->
