<?xml version="1.0" encoding="UTF-8"?>
<!-- Generated by org.testng.reporters.JUnitReportReporter -->
<testsuite hostname="IN-D80D5S3" failures="0" tests="1" name="Test.FlipkartSocialMediaTest" time="6.303" errors="0" timestamp="2024-06-14T11:06:07 IST" skipped="0">
  <testcase classname="Test.FlipkartSocialMediaTest" name="testYoutubeLink" time="6.303"/>
</testsuite> <!-- Test.FlipkartSocialMediaTest -->
