<?xml version="1.0" encoding="UTF-8"?>
<!-- Generated by org.testng.reporters.JUnitReportReporter -->
<testsuite hostname="IN-D80D5S3" failures="0" tests="1" name="Test.GiftCardTest" time="3.773" errors="0" timestamp="2024-06-14T11:06:07 IST" skipped="0">
  <testcase classname="Test.GiftCardTest" name="testGiftCardPage" time="3.773"/>
</testsuite> <!-- Test.GiftCardTest -->
